c:\users\rober\source\repos\huffmancoding\huffmancoding\debug\huffmancoding.pch
c:\users\rober\source\repos\huffmancoding\huffmancoding\debug\vc141.pdb
c:\users\rober\source\repos\huffmancoding\huffmancoding\debug\vc141.idb
c:\users\rober\source\repos\huffmancoding\huffmancoding\debug\stdafx.obj
c:\users\rober\source\repos\huffmancoding\huffmancoding\debug\huffmancoding.obj
c:\users\rober\source\repos\huffmancoding\huffmancoding\debug\huffmantree.obj
c:\users\rober\source\repos\huffmancodingcomplete\huffmancoding\debug\huffmancoding.pch
c:\users\rober\source\repos\huffmancodingcomplete\huffmancoding\debug\vc141.pdb
c:\users\rober\source\repos\huffmancodingcomplete\huffmancoding\debug\vc141.idb
c:\users\rober\source\repos\huffmancodingcomplete\huffmancoding\debug\stdafx.obj
c:\users\rober\source\repos\huffmancodingcomplete\huffmancoding\debug\huffmancoding.obj
c:\users\rober\source\repos\huffmancodingcomplete\huffmancoding\debug\huffmantree.obj
c:\users\rober\source\repos\huffmancodingstart\huffmancoding\debug\huffmancoding.pch
c:\users\rober\source\repos\huffmancodingstart\huffmancoding\debug\vc141.pdb
c:\users\rober\source\repos\huffmancodingstart\huffmancoding\debug\vc141.idb
c:\users\rober\source\repos\huffmancodingstart\huffmancoding\debug\stdafx.obj
c:\users\rober\source\repos\huffmancodingstart\huffmancoding\debug\huffmancoding.obj
c:\users\rober\source\repos\huffmancodingstart\huffmancoding\debug\huffmantree.obj
c:\users\rober\source\repos\huffmancoding\debug\huffmancoding.ilk
c:\users\rober\source\repos\huffmancoding\debug\huffmancoding.exe
c:\users\rober\source\repos\huffmancoding\debug\huffmancoding.pdb
c:\users\rober\source\repos\huffmancodingcomplete\debug\huffmancoding.exe
c:\users\rober\source\repos\huffmancodingcomplete\debug\huffmancoding.ilk
c:\users\rober\source\repos\huffmancodingcomplete\debug\huffmancoding.pdb
c:\users\rober\source\repos\huffmancodingstart\debug\huffmancoding.exe
c:\users\rober\source\repos\huffmancodingstart\debug\huffmancoding.ilk
c:\users\rober\source\repos\huffmancodingstart\debug\huffmancoding.pdb
c:\users\rober\source\repos\huffmancodingstart\huffmancoding\debug\huffmancoding.tlog\cl.command.1.tlog
c:\users\rober\source\repos\huffmancodingstart\huffmancoding\debug\huffmancoding.tlog\cl.read.1.tlog
c:\users\rober\source\repos\huffmancodingstart\huffmancoding\debug\huffmancoding.tlog\cl.write.1.tlog
c:\users\rober\source\repos\huffmancodingstart\huffmancoding\debug\huffmancoding.tlog\link.command.1.tlog
c:\users\rober\source\repos\huffmancodingstart\huffmancoding\debug\huffmancoding.tlog\link.read.1.tlog
c:\users\rober\source\repos\huffmancodingstart\huffmancoding\debug\huffmancoding.tlog\link.write.1.tlog
